#
# There is insufficient memory for the Java Runtime Environment to continue.
# Native memory allocation (malloc) failed to allocate 32784 bytes for Chunk::new
# Possible reasons:
#   The system is out of physical RAM or swap space
#   The process is running with CompressedOops enabled, and the Java Heap may be blocking the growth of the native heap
# Possible solutions:
#   Reduce memory load on the system
#   Increase physical memory or swap space
#   Check if swap backing store is full
#   Decrease Java heap size (-Xmx/-Xms)
#   Decrease number of Java threads
#   Decrease Java thread stack sizes (-Xss)
#   Set larger code cache with -XX:ReservedCodeCacheSize=
#   JVM is running with Unscaled Compressed Oops mode in which the Java heap is
#     placed in the first 4GB address space. The Java Heap base address is the
#     maximum limit for the native heap growth. Please use -XX:HeapBaseMinAddress
#     to set the Java Heap base and to place the Java Heap above 4GB virtual address.
# This output file may be truncated or incomplete.
#
#  Out of Memory Error (arena.cpp:189), pid=8016, tid=2112
#
# JRE version: OpenJDK Runtime Environment (17.0.6) (build 17.0.6+0-b2043.56-9586694)
# Java VM: OpenJDK 64-Bit Server VM (17.0.6+0-b2043.56-9586694, mixed mode, tiered, compressed oops, compressed class ptrs, g1 gc, windows-amd64)
# No core dump will be written. Minidumps are not enabled by default on client versions of Windows
#

---------------  S U M M A R Y ------------

Command Line: -Dorg.gradle.appname=gradlew org.gradle.wrapper.GradleWrapperMain -q -Ptarget-platform=android-x86 -Ptarget=C:\Users\bdCalling\Downloads\M-Box-Login-UI-main\M-Box-Login-UI-main\lib\main.dart -Pbase-application-name=android.app.Application -Pdart-defines=Zmx1dHRlci5pbnNwZWN0b3Iuc3RydWN0dXJlZEVycm9ycz10cnVl,RkxVVFRFUl9XRUJfQVVUT19ERVRFQ1Q9dHJ1ZQ==,RkxVVFRFUl9XRUJfQ0FOVkFTS0lUX1VSTD1odHRwczovL3d3dy5nc3RhdGljLmNvbS9mbHV0dGVyLWNhbnZhc2tpdC9iNGZiMTEyMTRkZDJkZGE2Y2UwMTJkZDk4ZWE0OThlOWU4YjkxMjYyLw== -Pdart-obfuscation=false -Ptrack-widget-creation=true -Ptree-shake-icons=false -Pfilesystem-scheme=org-dartlang-root assembleDebug

Host: Intel(R) Core(TM) i5-9400 CPU @ 2.90GHz, 6 cores, 7G,  Windows 10 , 64 bit Build 19041 (10.0.19041.2913)
Time: Sun May 21 06:10:53 2023 Bangladesh Standard Time elapsed time: 10.575860 seconds (0d 0h 0m 10s)

---------------  T H R E A D  ---------------

Current thread (0x000001ecb8823a60):  JavaThread "C2 CompilerThread0" daemon [_thread_in_native, id=2112, stack(0x0000005b67400000,0x0000005b67500000)]


Current CompileTask:
C2:  10575 1204 % !   4       java.io.BufferedReader::readLine @ 139 (327 bytes)

Stack: [0x0000005b67400000,0x0000005b67500000]
Native frames: (J=compiled Java code, j=interpreted, Vv=VM code, C=native code)
V  [jvm.dll+0x683b4a]
V  [jvm.dll+0x842654]
V  [jvm.dll+0x843dfe]
V  [jvm.dll+0x844463]
V  [jvm.dll+0x249b75]
V  [jvm.dll+0xabcac]
V  [jvm.dll+0xac27c]
V  [jvm.dll+0xabdbb]
V  [jvm.dll+0x6da81c]
V  [jvm.dll+0x593a07]
V  [jvm.dll+0x57a73a]
V  [jvm.dll+0x57760c]
V  [jvm.dll+0x579755]
V  [jvm.dll+0x5793f7]
V  [jvm.dll+0x5789fe]
V  [jvm.dll+0x58aa48]
V  [jvm.dll+0x2243b2]
V  [jvm.dll+0x21ddf4]
V  [jvm.dll+0x21b51b]
V  [jvm.dll+0x1a4fdd]
V  [jvm.dll+0x22b098]
V  [jvm.dll+0x229159]
V  [jvm.dll+0x7f809c]
V  [jvm.dll+0x7f25fa]
V  [jvm.dll+0x682985]
C  [ucrtbase.dll+0x21bb2]
C  [KERNEL32.DLL+0x17614]
C  [ntdll.dll+0x526a1]


---------------  P R O C E S S  ---------------

Threads class SMR info:
_java_thread_list=0x000001ecb9d5fb50, length=15, elements={
0x000001ec9e3ba560, 0x000001ecb7cfbc80, 0x000001ecb7cfda10, 0x000001ecb7d29260,
0x000001ecb7d2cb40, 0x000001ecb7d2d400, 0x000001ecb7d2e6e0, 0x000001ecb8823a60,
0x000001ecb882a0d0, 0x000001ecb8845020, 0x000001ecb89a5b30, 0x000001ecb89b7e50,
0x000001ecb9f40ee0, 0x000001ecb9ed9180, 0x000001ecb9da83e0
}

Java Threads: ( => current thread )
  0x000001ec9e3ba560 JavaThread "main" [_thread_in_native, id=17236, stack(0x0000005b66700000,0x0000005b66800000)]
  0x000001ecb7cfbc80 JavaThread "Reference Handler" daemon [_thread_blocked, id=11708, stack(0x0000005b66e00000,0x0000005b66f00000)]
  0x000001ecb7cfda10 JavaThread "Finalizer" daemon [_thread_blocked, id=12880, stack(0x0000005b66f00000,0x0000005b67000000)]
  0x000001ecb7d29260 JavaThread "Signal Dispatcher" daemon [_thread_blocked, id=8108, stack(0x0000005b67000000,0x0000005b67100000)]
  0x000001ecb7d2cb40 JavaThread "Attach Listener" daemon [_thread_blocked, id=16480, stack(0x0000005b67100000,0x0000005b67200000)]
  0x000001ecb7d2d400 JavaThread "Service Thread" daemon [_thread_blocked, id=3256, stack(0x0000005b67200000,0x0000005b67300000)]
  0x000001ecb7d2e6e0 JavaThread "Monitor Deflation Thread" daemon [_thread_blocked, id=14468, stack(0x0000005b67300000,0x0000005b67400000)]
=>0x000001ecb8823a60 JavaThread "C2 CompilerThread0" daemon [_thread_in_native, id=2112, stack(0x0000005b67400000,0x0000005b67500000)]
  0x000001ecb882a0d0 JavaThread "C1 CompilerThread0" daemon [_thread_in_native, id=14768, stack(0x0000005b67500000,0x0000005b67600000)]
  0x000001ecb8845020 JavaThread "Sweeper thread" daemon [_thread_blocked, id=17876, stack(0x0000005b67600000,0x0000005b67700000)]
  0x000001ecb89a5b30 JavaThread "Notification Thread" daemon [_thread_blocked, id=13128, stack(0x0000005b67700000,0x0000005b67800000)]
  0x000001ecb89b7e50 JavaThread "Common-Cleaner" daemon [_thread_blocked, id=17564, stack(0x0000005b67900000,0x0000005b67a00000)]
  0x000001ecb9f40ee0 JavaThread "pool-1-thread-1" [_thread_blocked, id=1144, stack(0x0000005b67e00000,0x0000005b67f00000)]
  0x000001ecb9ed9180 JavaThread "DisconnectableInputStream source reader" daemon [_thread_in_native, id=1292, stack(0x0000005b68000000,0x0000005b68100000)]
  0x000001ecb9da83e0 JavaThread "Forward input" [_thread_blocked, id=11696, stack(0x0000005b68100000,0x0000005b68200000)]

Other Threads:
  0x000001ecb7cf7f90 VMThread "VM Thread" [stack: 0x0000005b66d00000,0x0000005b66e00000] [id=17764]
  0x000001ecb892c840 WatcherThread [stack: 0x0000005b67800000,0x0000005b67900000] [id=18256]
  0x000001ec9e417380 GCTaskThread "GC Thread#0" [stack: 0x0000005b66800000,0x0000005b66900000] [id=1232]
  0x000001ecb8fa2130 GCTaskThread "GC Thread#1" [stack: 0x0000005b67a00000,0x0000005b67b00000] [id=3908]
  0x000001ecb8d744e0 GCTaskThread "GC Thread#2" [stack: 0x0000005b67b00000,0x0000005b67c00000] [id=2548]
  0x000001ecb92e6800 GCTaskThread "GC Thread#3" [stack: 0x0000005b67c00000,0x0000005b67d00000] [id=9628]
  0x000001ecb929c040 GCTaskThread "GC Thread#4" [stack: 0x0000005b67d00000,0x0000005b67e00000] [id=14404]
  0x000001ec9e427e10 ConcurrentGCThread "G1 Main Marker" [stack: 0x0000005b66900000,0x0000005b66a00000] [id=14492]
  0x000001ec9e428730 ConcurrentGCThread "G1 Conc#0" [stack: 0x0000005b66a00000,0x0000005b66b00000] [id=3696]
  0x000001ec9e4860d0 ConcurrentGCThread "G1 Refine#0" [stack: 0x0000005b66b00000,0x0000005b66c00000] [id=17672]
  0x000001ec9e486a00 ConcurrentGCThread "G1 Service" [stack: 0x0000005b66c00000,0x0000005b66d00000] [id=16868]

Threads with active compile tasks:
C2 CompilerThread0    10587 1204 % !   4       java.io.BufferedReader::readLine @ 139 (327 bytes)
C1 CompilerThread0    10587 1229   !   3       java.nio.charset.CharsetDecoder::decode (275 bytes)

VM state: not at safepoint (normal execution)

VM Mutex/Monitor currently owned by a thread: None

Heap address: 0x0000000081e00000, size: 2018 MB, Compressed Oops mode: 32-bit

CDS archive(s) not mapped
Compressed class space mapped at: 0x0000000100000000-0x0000000140000000, reserved size: 1073741824
Narrow klass base: 0x0000000000000000, Narrow klass shift: 3, Narrow klass range: 0x140000000

GC Precious Log:
 CPUs: 6 total, 6 available
 Memory: 8064M
 Large Page Support: Disabled
 NUMA Support: Disabled
 Compressed Oops: Enabled (32-bit)
 Heap Region Size: 1M
 Heap Min Capacity: 8M
 Heap Initial Capacity: 128M
 Heap Max Capacity: 2018M
 Pre-touch: Disabled
 Parallel Workers: 6
 Concurrent Workers: 2
 Concurrent Refinement Workers: 6
 Periodic GC: Disabled

Heap:
 garbage-first heap   total 131072K, used 26752K [0x0000000081e00000, 0x0000000100000000)
  region size 1024K, 22 young (22528K), 3 survivors (3072K)
 Metaspace       used 16024K, committed 16256K, reserved 1064960K
  class space    used 1871K, committed 1984K, reserved 1048576K

Heap Regions: E=young(eden), S=young(survivor), O=old, HS=humongous(starts), HC=humongous(continues), CS=collection set, F=free, OA=open archive, CA=closed archive, TAMS=top-at-mark-start (previous, next)
|   0|0x0000000081e00000, 0x0000000081e00000, 0x0000000081f00000|  0%| F|  |TAMS 0x0000000081e00000, 0x0000000081e00000| Untracked 
|   1|0x0000000081f00000, 0x0000000081f00000, 0x0000000082000000|  0%| F|  |TAMS 0x0000000081f00000, 0x0000000081f00000| Untracked 
|   2|0x0000000082000000, 0x0000000082000000, 0x0000000082100000|  0%| F|  |TAMS 0x0000000082000000, 0x0000000082000000| Untracked 
|   3|0x0000000082100000, 0x0000000082200000, 0x0000000082200000|100%|HS|  |TAMS 0x0000000082100000, 0x0000000082100000| Complete 
|   4|0x0000000082200000, 0x0000000082300000, 0x0000000082300000|100%|HC|  |TAMS 0x0000000082200000, 0x0000000082200000| Complete 
|   5|0x0000000082300000, 0x0000000082400000, 0x0000000082400000|100%|HC|  |TAMS 0x0000000082300000, 0x0000000082300000| Complete 
|   6|0x0000000082400000, 0x0000000082500000, 0x0000000082500000|100%| O|  |TAMS 0x0000000082400000, 0x0000000082400000| Untracked 
|   7|0x0000000082500000, 0x0000000082600000, 0x0000000082600000|100%| O|  |TAMS 0x0000000082500000, 0x0000000082500000| Untracked 
|   8|0x0000000082600000, 0x0000000082700000, 0x0000000082700000|100%| O|  |TAMS 0x0000000082600000, 0x0000000082600000| Untracked 
|   9|0x0000000082700000, 0x0000000082720000, 0x0000000082800000| 12%| O|  |TAMS 0x0000000082700000, 0x0000000082700000| Untracked 
|  10|0x0000000082800000, 0x0000000082800000, 0x0000000082900000|  0%| F|  |TAMS 0x0000000082800000, 0x0000000082800000| Untracked 
|  11|0x0000000082900000, 0x0000000082900000, 0x0000000082a00000|  0%| F|  |TAMS 0x0000000082900000, 0x0000000082900000| Untracked 
|  12|0x0000000082a00000, 0x0000000082a00000, 0x0000000082b00000|  0%| F|  |TAMS 0x0000000082a00000, 0x0000000082a00000| Untracked 
|  13|0x0000000082b00000, 0x0000000082b00000, 0x0000000082c00000|  0%| F|  |TAMS 0x0000000082b00000, 0x0000000082b00000| Untracked 
|  14|0x0000000082c00000, 0x0000000082c00000, 0x0000000082d00000|  0%| F|  |TAMS 0x0000000082c00000, 0x0000000082c00000| Untracked 
|  15|0x0000000082d00000, 0x0000000082d00000, 0x0000000082e00000|  0%| F|  |TAMS 0x0000000082d00000, 0x0000000082d00000| Untracked 
|  16|0x0000000082e00000, 0x0000000082e00000, 0x0000000082f00000|  0%| F|  |TAMS 0x0000000082e00000, 0x0000000082e00000| Untracked 
|  17|0x0000000082f00000, 0x0000000082f00000, 0x0000000083000000|  0%| F|  |TAMS 0x0000000082f00000, 0x0000000082f00000| Untracked 
|  18|0x0000000083000000, 0x0000000083000000, 0x0000000083100000|  0%| F|  |TAMS 0x0000000083000000, 0x0000000083000000| Untracked 
|  19|0x0000000083100000, 0x0000000083100000, 0x0000000083200000|  0%| F|  |TAMS 0x0000000083100000, 0x0000000083100000| Untracked 
|  20|0x0000000083200000, 0x0000000083200000, 0x0000000083300000|  0%| F|  |TAMS 0x0000000083200000, 0x0000000083200000| Untracked 
|  21|0x0000000083300000, 0x0000000083300000, 0x0000000083400000|  0%| F|  |TAMS 0x0000000083300000, 0x0000000083300000| Untracked 
|  22|0x0000000083400000, 0x0000000083400000, 0x0000000083500000|  0%| F|  |TAMS 0x0000000083400000, 0x0000000083400000| Untracked 
|  23|0x0000000083500000, 0x0000000083500000, 0x0000000083600000|  0%| F|  |TAMS 0x0000000083500000, 0x0000000083500000| Untracked 
|  24|0x0000000083600000, 0x0000000083600000, 0x0000000083700000|  0%| F|  |TAMS 0x0000000083600000, 0x0000000083600000| Untracked 
|  25|0x0000000083700000, 0x0000000083700000, 0x0000000083800000|  0%| F|  |TAMS 0x0000000083700000, 0x0000000083700000| Untracked 
|  26|0x0000000083800000, 0x0000000083800000, 0x0000000083900000|  0%| F|  |TAMS 0x0000000083800000, 0x0000000083800000| Untracked 
|  27|0x0000000083900000, 0x0000000083900000, 0x0000000083a00000|  0%| F|  |TAMS 0x0000000083900000, 0x0000000083900000| Untracked 
|  28|0x0000000083a00000, 0x0000000083a00000, 0x0000000083b00000|  0%| F|  |TAMS 0x0000000083a00000, 0x0000000083a00000| Untracked 
|  29|0x0000000083b00000, 0x0000000083b00000, 0x0000000083c00000|  0%| F|  |TAMS 0x0000000083b00000, 0x0000000083b00000| Untracked 
|  30|0x0000000083c00000, 0x0000000083c00000, 0x0000000083d00000|  0%| F|  |TAMS 0x0000000083c00000, 0x0000000083c00000| Untracked 
|  31|0x0000000083d00000, 0x0000000083d00000, 0x0000000083e00000|  0%| F|  |TAMS 0x0000000083d00000, 0x0000000083d00000| Untracked 
|  32|0x0000000083e00000, 0x0000000083e00000, 0x0000000083f00000|  0%| F|  |TAMS 0x0000000083e00000, 0x0000000083e00000| Untracked 
|  33|0x0000000083f00000, 0x0000000083f00000, 0x0000000084000000|  0%| F|  |TAMS 0x0000000083f00000, 0x0000000083f00000| Untracked 
|  34|0x0000000084000000, 0x0000000084000000, 0x0000000084100000|  0%| F|  |TAMS 0x0000000084000000, 0x0000000084000000| Untracked 
|  35|0x0000000084100000, 0x0000000084100000, 0x0000000084200000|  0%| F|  |TAMS 0x0000000084100000, 0x0000000084100000| Untracked 
|  36|0x0000000084200000, 0x0000000084200000, 0x0000000084300000|  0%| F|  |TAMS 0x0000000084200000, 0x0000000084200000| Untracked 
|  37|0x0000000084300000, 0x0000000084300000, 0x0000000084400000|  0%| F|  |TAMS 0x0000000084300000, 0x0000000084300000| Untracked 
|  38|0x0000000084400000, 0x0000000084400000, 0x0000000084500000|  0%| F|  |TAMS 0x0000000084400000, 0x0000000084400000| Untracked 
|  39|0x0000000084500000, 0x0000000084500000, 0x0000000084600000|  0%| F|  |TAMS 0x0000000084500000, 0x0000000084500000| Untracked 
|  40|0x0000000084600000, 0x0000000084600000, 0x0000000084700000|  0%| F|  |TAMS 0x0000000084600000, 0x0000000084600000| Untracked 
|  41|0x0000000084700000, 0x0000000084700000, 0x0000000084800000|  0%| F|  |TAMS 0x0000000084700000, 0x0000000084700000| Untracked 
|  42|0x0000000084800000, 0x0000000084800000, 0x0000000084900000|  0%| F|  |TAMS 0x0000000084800000, 0x0000000084800000| Untracked 
|  43|0x0000000084900000, 0x0000000084900000, 0x0000000084a00000|  0%| F|  |TAMS 0x0000000084900000, 0x0000000084900000| Untracked 
|  44|0x0000000084a00000, 0x0000000084a00000, 0x0000000084b00000|  0%| F|  |TAMS 0x0000000084a00000, 0x0000000084a00000| Untracked 
|  45|0x0000000084b00000, 0x0000000084b00000, 0x0000000084c00000|  0%| F|  |TAMS 0x0000000084b00000, 0x0000000084b00000| Untracked 
|  46|0x0000000084c00000, 0x0000000084c00000, 0x0000000084d00000|  0%| F|  |TAMS 0x0000000084c00000, 0x0000000084c00000| Untracked 
|  47|0x0000000084d00000, 0x0000000084d00000, 0x0000000084e00000|  0%| F|  |TAMS 0x0000000084d00000, 0x0000000084d00000| Untracked 
|  48|0x0000000084e00000, 0x0000000084e00000, 0x0000000084f00000|  0%| F|  |TAMS 0x0000000084e00000, 0x0000000084e00000| Untracked 
|  49|0x0000000084f00000, 0x0000000084f00000, 0x0000000085000000|  0%| F|  |TAMS 0x0000000084f00000, 0x0000000084f00000| Untracked 
|  50|0x0000000085000000, 0x0000000085000000, 0x0000000085100000|  0%| F|  |TAMS 0x0000000085000000, 0x0000000085000000| Untracked 
|  51|0x0000000085100000, 0x0000000085100000, 0x0000000085200000|  0%| F|  |TAMS 0x0000000085100000, 0x0000000085100000| Untracked 
|  52|0x0000000085200000, 0x0000000085200000, 0x0000000085300000|  0%| F|  |TAMS 0x0000000085200000, 0x0000000085200000| Untracked 
|  53|0x0000000085300000, 0x0000000085300000, 0x0000000085400000|  0%| F|  |TAMS 0x0000000085300000, 0x0000000085300000| Untracked 
|  54|0x0000000085400000, 0x0000000085400000, 0x0000000085500000|  0%| F|  |TAMS 0x0000000085400000, 0x0000000085400000| Untracked 
|  55|0x0000000085500000, 0x0000000085500000, 0x0000000085600000|  0%| F|  |TAMS 0x0000000085500000, 0x0000000085500000| Untracked 
|  56|0x0000000085600000, 0x0000000085600000, 0x0000000085700000|  0%| F|  |TAMS 0x0000000085600000, 0x0000000085600000| Untracked 
|  57|0x0000000085700000, 0x0000000085700000, 0x0000000085800000|  0%| F|  |TAMS 0x0000000085700000, 0x0000000085700000| Untracked 
|  58|0x0000000085800000, 0x0000000085800000, 0x0000000085900000|  0%| F|  |TAMS 0x0000000085800000, 0x0000000085800000| Untracked 
|  59|0x0000000085900000, 0x0000000085900000, 0x0000000085a00000|  0%| F|  |TAMS 0x0000000085900000, 0x0000000085900000| Untracked 
|  60|0x0000000085a00000, 0x0000000085a00000, 0x0000000085b00000|  0%| F|  |TAMS 0x0000000085a00000, 0x0000000085a00000| Untracked 
|  61|0x0000000085b00000, 0x0000000085b00000, 0x0000000085c00000|  0%| F|  |TAMS 0x0000000085b00000, 0x0000000085b00000| Untracked 
|  62|0x0000000085c00000, 0x0000000085c00000, 0x0000000085d00000|  0%| F|  |TAMS 0x0000000085c00000, 0x0000000085c00000| Untracked 
|  63|0x0000000085d00000, 0x0000000085d00000, 0x0000000085e00000|  0%| F|  |TAMS 0x0000000085d00000, 0x0000000085d00000| Untracked 
|  64|0x0000000085e00000, 0x0000000085e00000, 0x0000000085f00000|  0%| F|  |TAMS 0x0000000085e00000, 0x0000000085e00000| Untracked 
|  65|0x0000000085f00000, 0x0000000085f00000, 0x0000000086000000|  0%| F|  |TAMS 0x0000000085f00000, 0x0000000085f00000| Untracked 
|  66|0x0000000086000000, 0x0000000086000000, 0x0000000086100000|  0%| F|  |TAMS 0x0000000086000000, 0x0000000086000000| Untracked 
|  67|0x0000000086100000, 0x0000000086100000, 0x0000000086200000|  0%| F|  |TAMS 0x0000000086100000, 0x0000000086100000| Untracked 
|  68|0x0000000086200000, 0x0000000086200000, 0x0000000086300000|  0%| F|  |TAMS 0x0000000086200000, 0x0000000086200000| Untracked 
|  69|0x0000000086300000, 0x0000000086300000, 0x0000000086400000|  0%| F|  |TAMS 0x0000000086300000, 0x0000000086300000| Untracked 
|  70|0x0000000086400000, 0x0000000086400000, 0x0000000086500000|  0%| F|  |TAMS 0x0000000086400000, 0x0000000086400000| Untracked 
|  71|0x0000000086500000, 0x0000000086500000, 0x0000000086600000|  0%| F|  |TAMS 0x0000000086500000, 0x0000000086500000| Untracked 
|  72|0x0000000086600000, 0x0000000086600000, 0x0000000086700000|  0%| F|  |TAMS 0x0000000086600000, 0x0000000086600000| Untracked 
|  73|0x0000000086700000, 0x0000000086700000, 0x0000000086800000|  0%| F|  |TAMS 0x0000000086700000, 0x0000000086700000| Untracked 
|  74|0x0000000086800000, 0x0000000086800000, 0x0000000086900000|  0%| F|  |TAMS 0x0000000086800000, 0x0000000086800000| Untracked 
|  75|0x0000000086900000, 0x0000000086900000, 0x0000000086a00000|  0%| F|  |TAMS 0x0000000086900000, 0x0000000086900000| Untracked 
|  76|0x0000000086a00000, 0x0000000086a00000, 0x0000000086b00000|  0%| F|  |TAMS 0x0000000086a00000, 0x0000000086a00000| Untracked 
|  77|0x0000000086b00000, 0x0000000086b00000, 0x0000000086c00000|  0%| F|  |TAMS 0x0000000086b00000, 0x0000000086b00000| Untracked 
|  78|0x0000000086c00000, 0x0000000086c00000, 0x0000000086d00000|  0%| F|  |TAMS 0x0000000086c00000, 0x0000000086c00000| Untracked 
|  79|0x0000000086d00000, 0x0000000086d00000, 0x0000000086e00000|  0%| F|  |TAMS 0x0000000086d00000, 0x0000000086d00000| Untracked 
|  80|0x0000000086e00000, 0x0000000086e00000, 0x0000000086f00000|  0%| F|  |TAMS 0x0000000086e00000, 0x0000000086e00000| Untracked 
|  81|0x0000000086f00000, 0x0000000086f00000, 0x0000000087000000|  0%| F|  |TAMS 0x0000000086f00000, 0x0000000086f00000| Untracked 
|  82|0x0000000087000000, 0x0000000087000000, 0x0000000087100000|  0%| F|  |TAMS 0x0000000087000000, 0x0000000087000000| Untracked 
|  83|0x0000000087100000, 0x0000000087100000, 0x0000000087200000|  0%| F|  |TAMS 0x0000000087100000, 0x0000000087100000| Untracked 
|  84|0x0000000087200000, 0x0000000087200000, 0x0000000087300000|  0%| F|  |TAMS 0x0000000087200000, 0x0000000087200000| Untracked 
|  85|0x0000000087300000, 0x0000000087300000, 0x0000000087400000|  0%| F|  |TAMS 0x0000000087300000, 0x0000000087300000| Untracked 
|  86|0x0000000087400000, 0x0000000087400000, 0x0000000087500000|  0%| F|  |TAMS 0x0000000087400000, 0x0000000087400000| Untracked 
|  87|0x0000000087500000, 0x0000000087500000, 0x0000000087600000|  0%| F|  |TAMS 0x0000000087500000, 0x0000000087500000| Untracked 
|  88|0x0000000087600000, 0x0000000087600000, 0x0000000087700000|  0%| F|  |TAMS 0x0000000087600000, 0x0000000087600000| Untracked 
|  89|0x0000000087700000, 0x0000000087700000, 0x0000000087800000|  0%| F|  |TAMS 0x0000000087700000, 0x0000000087700000| Untracked 
|  90|0x0000000087800000, 0x0000000087800000, 0x0000000087900000|  0%| F|  |TAMS 0x0000000087800000, 0x0000000087800000| Untracked 
|  91|0x0000000087900000, 0x0000000087900000, 0x0000000087a00000|  0%| F|  |TAMS 0x0000000087900000, 0x0000000087900000| Untracked 
|  92|0x0000000087a00000, 0x0000000087a00000, 0x0000000087b00000|  0%| F|  |TAMS 0x0000000087a00000, 0x0000000087a00000| Untracked 
|  93|0x0000000087b00000, 0x0000000087b00000, 0x0000000087c00000|  0%| F|  |TAMS 0x0000000087b00000, 0x0000000087b00000| Untracked 
|  94|0x0000000087c00000, 0x0000000087c00000, 0x0000000087d00000|  0%| F|  |TAMS 0x0000000087c00000, 0x0000000087c00000| Untracked 
|  95|0x0000000087d00000, 0x0000000087d00000, 0x0000000087e00000|  0%| F|  |TAMS 0x0000000087d00000, 0x0000000087d00000| Untracked 
|  96|0x0000000087e00000, 0x0000000087e00000, 0x0000000087f00000|  0%| F|  |TAMS 0x0000000087e00000, 0x0000000087e00000| Untracked 
|  97|0x0000000087f00000, 0x0000000087f00000, 0x0000000088000000|  0%| F|  |TAMS 0x0000000087f00000, 0x0000000087f00000| Untracked 
|  98|0x0000000088000000, 0x0000000088000000, 0x0000000088100000|  0%| F|  |TAMS 0x0000000088000000, 0x0000000088000000| Untracked 
|  99|0x0000000088100000, 0x0000000088100000, 0x0000000088200000|  0%| F|  |TAMS 0x0000000088100000, 0x0000000088100000| Untracked 
| 100|0x0000000088200000, 0x0000000088200000, 0x0000000088300000|  0%| F|  |TAMS 0x0000000088200000, 0x0000000088200000| Untracked 
| 101|0x0000000088300000, 0x0000000088300000, 0x0000000088400000|  0%| F|  |TAMS 0x0000000088300000, 0x0000000088300000| Untracked 
| 102|0x0000000088400000, 0x0000000088400000, 0x0000000088500000|  0%| F|  |TAMS 0x0000000088400000, 0x0000000088400000| Untracked 
| 103|0x0000000088500000, 0x0000000088500000, 0x0000000088600000|  0%| F|  |TAMS 0x0000000088500000, 0x0000000088500000| Untracked 
| 104|0x0000000088600000, 0x0000000088700000, 0x0000000088700000|100%| S|CS|TAMS 0x0000000088600000, 0x0000000088600000| Complete 
| 105|0x0000000088700000, 0x0000000088800000, 0x0000000088800000|100%| S|CS|TAMS 0x0000000088700000, 0x0000000088700000| Complete 
| 106|0x0000000088800000, 0x0000000088900000, 0x0000000088900000|100%| S|CS|TAMS 0x0000000088800000, 0x0000000088800000| Complete 
| 107|0x0000000088900000, 0x0000000088900000, 0x0000000088a00000|  0%| F|  |TAMS 0x0000000088900000, 0x0000000088900000| Untracked 
| 108|0x0000000088a00000, 0x0000000088a00000, 0x0000000088b00000|  0%| F|  |TAMS 0x0000000088a00000, 0x0000000088a00000| Untracked 
| 109|0x0000000088b00000, 0x0000000088b7b628, 0x0000000088c00000| 48%| E|  |TAMS 0x0000000088b00000, 0x0000000088b00000| Complete 
| 110|0x0000000088c00000, 0x0000000088d00000, 0x0000000088d00000|100%| E|CS|TAMS 0x0000000088c00000, 0x0000000088c00000| Complete 
| 111|0x0000000088d00000, 0x0000000088e00000, 0x0000000088e00000|100%| E|CS|TAMS 0x0000000088d00000, 0x0000000088d00000| Complete 
| 112|0x0000000088e00000, 0x0000000088f00000, 0x0000000088f00000|100%| E|CS|TAMS 0x0000000088e00000, 0x0000000088e00000| Complete 
| 113|0x0000000088f00000, 0x0000000089000000, 0x0000000089000000|100%| E|CS|TAMS 0x0000000088f00000, 0x0000000088f00000| Complete 
| 114|0x0000000089000000, 0x0000000089100000, 0x0000000089100000|100%| E|CS|TAMS 0x0000000089000000, 0x0000000089000000| Complete 
| 115|0x0000000089100000, 0x0000000089200000, 0x0000000089200000|100%| E|CS|TAMS 0x0000000089100000, 0x0000000089100000| Complete 
| 116|0x0000000089200000, 0x0000000089300000, 0x0000000089300000|100%| E|CS|TAMS 0x0000000089200000, 0x0000000089200000| Complete 
| 117|0x0000000089300000, 0x0000000089400000, 0x0000000089400000|100%| E|CS|TAMS 0x0000000089300000, 0x0000000089300000| Complete 
| 118|0x0000000089400000, 0x0000000089500000, 0x0000000089500000|100%| E|CS|TAMS 0x0000000089400000, 0x0000000089400000| Complete 
| 119|0x0000000089500000, 0x0000000089600000, 0x0000000089600000|100%| E|CS|TAMS 0x0000000089500000, 0x0000000089500000| Complete 
| 120|0x0000000089600000, 0x0000000089700000, 0x0000000089700000|100%| E|CS|TAMS 0x0000000089600000, 0x0000000089600000| Complete 
| 121|0x0000000089700000, 0x0000000089800000, 0x0000000089800000|100%| E|CS|TAMS 0x0000000089700000, 0x0000000089700000| Complete 
| 122|0x0000000089800000, 0x0000000089900000, 0x0000000089900000|100%| E|  |TAMS 0x0000000089800000, 0x0000000089800000| Complete 
| 123|0x0000000089900000, 0x0000000089a00000, 0x0000000089a00000|100%| E|CS|TAMS 0x0000000089900000, 0x0000000089900000| Complete 
| 124|0x0000000089a00000, 0x0000000089b00000, 0x0000000089b00000|100%| E|CS|TAMS 0x0000000089a00000, 0x0000000089a00000| Complete 
| 125|0x0000000089b00000, 0x0000000089c00000, 0x0000000089c00000|100%| E|CS|TAMS 0x0000000089b00000, 0x0000000089b00000| Complete 
| 126|0x0000000089c00000, 0x0000000089d00000, 0x0000000089d00000|100%| E|CS|TAMS 0x0000000089c00000, 0x0000000089c00000| Complete 
| 127|0x0000000089d00000, 0x0000000089e00000, 0x0000000089e00000|100%| E|CS|TAMS 0x0000000089d00000, 0x0000000089d00000| Complete 

Card table byte_map: [0x000001ecb0db0000,0x000001ecb11b0000] _byte_map_base: 0x000001ecb09a1000

Marking Bits (Prev, Next): (CMBitMap*) 0x000001ec9e4178a0, (CMBitMap*) 0x000001ec9e4178e0
 Prev Bits: [0x000001ecb15b0000, 0x000001ecb3538000)
 Next Bits: [0x000001ecb3540000, 0x000001ecb54c8000)

Polling page: 0x000001ec9db90000

Metaspace:

Usage:
  Non-class:     13.82 MB used.
      Class:      1.83 MB used.
       Both:     15.65 MB used.

Virtual space:
  Non-class space:       16.00 MB reserved,      13.94 MB ( 87%) committed,  2 nodes.
      Class space:        1.00 GB reserved,       1.94 MB ( <1%) committed,  1 nodes.
             Both:        1.02 GB reserved,      15.88 MB (  2%) committed. 

Chunk freelists:
   Non-Class:  2.11 MB
       Class:  2.05 MB
        Both:  4.16 MB

MaxMetaspaceSize: unlimited
CompressedClassSpaceSize: 1.00 GB
Initial GC threshold: 21.00 MB
Current GC threshold: 21.00 MB
CDS: off
MetaspaceReclaimPolicy: balanced
 - commit_granule_bytes: 65536.
 - commit_granule_words: 8192.
 - virtual_space_node_default_size: 1048576.
 - enlarge_chunks_in_place: 1.
 - new_chunks_are_fully_committed: 0.
 - uncommit_free_chunks: 1.
 - use_allocation_guard: 0.
 - handle_deallocations: 1.


Internal statistics:

num_allocs_failed_limit: 0.
num_arena_births: 76.
num_arena_deaths: 0.
num_vsnodes_births: 3.
num_vsnodes_deaths: 0.
num_space_committed: 254.
num_space_uncommitted: 0.
num_chunks_returned_to_freelist: 0.
num_chunks_taken_from_freelist: 300.
num_chunk_merges: 0.
num_chunk_splits: 197.
num_chunks_enlarged: 160.
num_purges: 0.
num_inconsistent_stats: 0.

CodeHeap 'non-profiled nmethods': size=120000Kb used=459Kb max_used=459Kb free=119540Kb
 bounds [0x000001eca9360000, 0x000001eca95d0000, 0x000001ecb0890000]
CodeHeap 'profiled nmethods': size=120000Kb used=2279Kb max_used=2279Kb free=117721Kb
 bounds [0x000001eca1890000, 0x000001eca1b00000, 0x000001eca8dc0000]
CodeHeap 'non-nmethods': size=5760Kb used=1162Kb max_used=1180Kb free=4597Kb
 bounds [0x000001eca8dc0000, 0x000001eca9030000, 0x000001eca9360000]
 total_blobs=1684 nmethods=1226 adapters=371
 compilation: enabled
              stopped_count=0, restarted_count=0
 full_count=0

Compilation events (20 events):
Event: 10.573 Thread 0x000001ecb882a0d0 1214       3       java.nio.ByteBuffer::array (35 bytes)
Event: 10.573 Thread 0x000001ecb882a0d0 nmethod 1214 0x000001eca1ac5010 code [0x000001eca1ac51e0, 0x000001eca1ac54b8]
Event: 10.573 Thread 0x000001ecb882a0d0 1216       3       java.nio.CharBuffer::arrayOffset (35 bytes)
Event: 10.573 Thread 0x000001ecb882a0d0 nmethod 1216 0x000001eca1ac5610 code [0x000001eca1ac57e0, 0x000001eca1ac5ab8]
Event: 10.573 Thread 0x000001ecb882a0d0 1217       3       java.nio.ByteBuffer::position (6 bytes)
Event: 10.573 Thread 0x000001ecb882a0d0 nmethod 1217 0x000001eca1ac5c10 code [0x000001eca1ac5dc0, 0x000001eca1ac5f88]
Event: 10.573 Thread 0x000001ecb882a0d0 1215       1       java.nio.Buffer::capacity (5 bytes)
Event: 10.573 Thread 0x000001ecb882a0d0 nmethod 1215 0x000001eca93d2a10 code [0x000001eca93d2ba0, 0x000001eca93d2c78]
Event: 10.573 Thread 0x000001ecb882a0d0 1218       3       java.nio.CharBuffer::position (6 bytes)
Event: 10.573 Thread 0x000001ecb882a0d0 nmethod 1218 0x000001eca1ac6010 code [0x000001eca1ac61c0, 0x000001eca1ac6368]
Event: 10.573 Thread 0x000001ecb882a0d0 1219       3       java.nio.CharBuffer::position (8 bytes)
Event: 10.573 Thread 0x000001ecb882a0d0 nmethod 1219 0x000001eca1ac6410 code [0x000001eca1ac65a0, 0x000001eca1ac66e8]
Event: 10.573 Thread 0x000001ecb882a0d0 1220       3       java.nio.ByteBuffer::limit (8 bytes)
Event: 10.573 Thread 0x000001ecb882a0d0 nmethod 1220 0x000001eca1ac6790 code [0x000001eca1ac6920, 0x000001eca1ac6a68]
Event: 10.573 Thread 0x000001ecb882a0d0 1221       3       java.lang.AbstractStringBuilder::appendChars (130 bytes)
Event: 10.574 Thread 0x000001ecb882a0d0 nmethod 1221 0x000001eca1ac6b10 code [0x000001eca1ac6d00, 0x000001eca1ac72a8]
Event: 10.574 Thread 0x000001ecb882a0d0 1222       3       java.nio.Buffer::<init> (105 bytes)
Event: 10.574 Thread 0x000001ecb882a0d0 nmethod 1222 0x000001eca1ac7510 code [0x000001eca1ac77c0, 0x000001eca1ac8318]
Event: 10.574 Thread 0x000001ecb882a0d0 1223       3       java.nio.HeapByteBuffer::ix (7 bytes)
Event: 10.574 Thread 0x000001ecb882a0d0 nmethod 1223 0x000001eca1ac8710 code [0x000001eca1ac88a0, 0x000001eca1ac89b8]

GC Heap History (2 events):
Event: 1.514 GC heap before
{Heap before GC invocations=0 (full 0):
 garbage-first heap   total 131072K, used 26624K [0x0000000081e00000, 0x0000000100000000)
  region size 1024K, 21 young (21504K), 0 survivors (0K)
 Metaspace       used 10794K, committed 11008K, reserved 1064960K
  class space    used 1103K, committed 1216K, reserved 1048576K
}
Event: 1.523 GC heap after
{Heap after GC invocations=1 (full 0):
 garbage-first heap   total 131072K, used 9344K [0x0000000081e00000, 0x0000000100000000)
  region size 1024K, 3 young (3072K), 3 survivors (3072K)
 Metaspace       used 10794K, committed 11008K, reserved 1064960K
  class space    used 1103K, committed 1216K, reserved 1048576K
}

Dll operation events (2 events):
Event: 0.008 Loaded shared library C:\Program Files\Android\Android Studio\jbr\bin\java.dll
Event: 0.255 Loaded shared library C:\Program Files\Android\Android Studio\jbr\bin\verify.dll

Deoptimization events (20 events):
Event: 1.703 Thread 0x000001ec9e3ba560 DEOPT PACKING pc=0x000001eca19709b8 sp=0x0000005b667fa3e0
Event: 1.703 Thread 0x000001ec9e3ba560 DEOPT UNPACKING pc=0x000001eca8e17143 sp=0x0000005b667f98f8 mode 0
Event: 1.707 Thread 0x000001ec9e3ba560 DEOPT PACKING pc=0x000001eca1928d65 sp=0x0000005b667fa180
Event: 1.707 Thread 0x000001ec9e3ba560 DEOPT UNPACKING pc=0x000001eca8e17143 sp=0x0000005b667f95d0 mode 0
Event: 1.762 Thread 0x000001ec9e3ba560 Uncommon trap: trap_request=0xffffff45 fr.pc=0x000001eca93ae668 relative=0x0000000000001d28
Event: 1.762 Thread 0x000001ec9e3ba560 Uncommon trap: reason=unstable_if action=reinterpret pc=0x000001eca93ae668 method=java.io.WinNTFileSystem.normalize(Ljava/lang/String;)Ljava/lang/String; @ 128 c2
Event: 1.762 Thread 0x000001ec9e3ba560 DEOPT PACKING pc=0x000001eca93ae668 sp=0x0000005b667fbb60
Event: 1.762 Thread 0x000001ec9e3ba560 DEOPT UNPACKING pc=0x000001eca8e169a3 sp=0x0000005b667fbb48 mode 2
Event: 1.878 Thread 0x000001ec9e3ba560 Uncommon trap: trap_request=0xffffff45 fr.pc=0x000001eca9393da4 relative=0x0000000000000664
Event: 1.878 Thread 0x000001ec9e3ba560 Uncommon trap: reason=unstable_if action=reinterpret pc=0x000001eca9393da4 method=java.lang.AbstractStringBuilder.append(Ljava/lang/String;)Ljava/lang/AbstractStringBuilder; @ 1 c2
Event: 1.878 Thread 0x000001ec9e3ba560 DEOPT PACKING pc=0x000001eca9393da4 sp=0x0000005b667fc8d0
Event: 1.878 Thread 0x000001ec9e3ba560 DEOPT UNPACKING pc=0x000001eca8e169a3 sp=0x0000005b667fc850 mode 2
Event: 1.878 Thread 0x000001ec9e3ba560 Uncommon trap: trap_request=0xffffff45 fr.pc=0x000001eca939b9a4 relative=0x0000000000000664
Event: 1.878 Thread 0x000001ec9e3ba560 Uncommon trap: reason=unstable_if action=reinterpret pc=0x000001eca939b9a4 method=java.lang.AbstractStringBuilder.append(Ljava/lang/String;)Ljava/lang/AbstractStringBuilder; @ 1 c2
Event: 1.878 Thread 0x000001ec9e3ba560 DEOPT PACKING pc=0x000001eca939b9a4 sp=0x0000005b667fc870
Event: 1.878 Thread 0x000001ec9e3ba560 DEOPT UNPACKING pc=0x000001eca8e169a3 sp=0x0000005b667fc858 mode 2
Event: 1.892 Thread 0x000001ec9e3ba560 Uncommon trap: trap_request=0xffffff45 fr.pc=0x000001eca93c7274 relative=0x0000000000000074
Event: 1.892 Thread 0x000001ec9e3ba560 Uncommon trap: reason=unstable_if action=reinterpret pc=0x000001eca93c7274 method=jdk.internal.misc.Unsafe.convEndian(ZI)I @ 4 c2
Event: 1.892 Thread 0x000001ec9e3ba560 DEOPT PACKING pc=0x000001eca93c7274 sp=0x0000005b667fad60
Event: 1.892 Thread 0x000001ec9e3ba560 DEOPT UNPACKING pc=0x000001eca8e169a3 sp=0x0000005b667fac90 mode 2

Classes unloaded (0 events):
No events

Classes redefined (0 events):
No events

Internal exceptions (19 events):
Event: 0.474 Thread 0x000001ec9e3ba560 Exception <a 'java/lang/NoSuchMethodError'{0x0000000089bf2800}: 'int java.lang.invoke.DirectMethodHandle$Holder.invokeStaticInit(java.lang.Object, java.lang.Object)'> (0x0000000089bf2800) 
thrown [s\src\hotspot\share\interpreter\linkResolver.cpp, line 771]
Event: 1.460 Thread 0x000001ec9e3ba560 Exception <a 'java/lang/NoSuchMethodError'{0x000000008892fe88}: 'void java.lang.invoke.DirectMethodHandle$Holder.invokeStatic(java.lang.Object, java.lang.Object)'> (0x000000008892fe88) 
thrown [s\src\hotspot\share\interpreter\linkResolver.cpp, line 771]
Event: 1.505 Thread 0x000001ec9e3ba560 Exception <a 'java/lang/NoClassDefFoundError'{0x00000000889b9198}: org/slf4j/impl/StaticMarkerBinder> (0x00000000889b9198) 
thrown [s\src\hotspot\share\classfile\systemDictionary.cpp, line 245]
Event: 1.532 Thread 0x000001ec9e3ba560 Exception <a 'java/lang/NoSuchMethodError'{0x0000000089d55ea0}: 'java.lang.Object java.lang.invoke.DirectMethodHandle$Holder.invokeVirtual(java.lang.Object, java.lang.Object, java.lang.Object, java.lang.Object, java.lang.Object, java.lang.Object, java.lang.Object)'> (0x0000000089d55ea0) 
thrown [s\src\hotspot\share\interpreter\linkResolver.cpp, line 771]
Event: 1.534 Thread 0x000001ec9e3ba560 Exception <a 'java/lang/NoSuchMethodError'{0x0000000089d682d8}: 'java.lang.Object java.lang.invoke.Invokers$Holder.invoker(java.lang.Object, java.lang.Object, java.lang.Object)'> (0x0000000089d682d8) 
thrown [s\src\hotspot\share\interpreter\linkResolver.cpp, line 771]
Event: 1.536 Thread 0x000001ec9e3ba560 Exception <a 'java/lang/NoSuchMethodError'{0x0000000089d71488}: 'java.lang.Object java.lang.invoke.DirectMethodHandle$Holder.invokeStatic(java.lang.Object, java.lang.Object, int)'> (0x0000000089d71488) 
thrown [s\src\hotspot\share\interpreter\linkResolver.cpp, line 771]
Event: 1.537 Thread 0x000001ec9e3ba560 Exception <a 'java/lang/NoSuchMethodError'{0x0000000089dbaae0}: 'void java.lang.invoke.DelegatingMethodHandle$Holder.delegate(java.lang.Object, java.lang.Object, int, java.lang.Object)'> (0x0000000089dbaae0) 
thrown [s\src\hotspot\share\interpreter\linkResolver.cpp, line 771]
Event: 1.537 Thread 0x000001ec9e3ba560 Exception <a 'java/lang/NoSuchMethodError'{0x0000000089dbeca8}: 'int java.lang.invoke.DirectMethodHandle$Holder.invokeSpecial(java.lang.Object, java.lang.Object, java.lang.Object)'> (0x0000000089dbeca8) 
thrown [s\src\hotspot\share\interpreter\linkResolver.cpp, line 771]
Event: 1.539 Thread 0x000001ec9e3ba560 Exception <a 'java/lang/NoSuchMethodError'{0x0000000089dd1e60}: 'java.lang.Object java.lang.invoke.Invokers$Holder.invokeExact_MT(java.lang.Object, java.lang.Object, java.lang.Object, java.lang.Object)'> (0x0000000089dd1e60) 
thrown [s\src\hotspot\share\interpreter\linkResolver.cpp, line 771]
Event: 1.612 Thread 0x000001ec9e3ba560 Exception <a 'java/lang/NoSuchMethodError'{0x00000000899e7cb8}: 'java.lang.Object java.lang.invoke.DirectMethodHandle$Holder.invokeInterface(java.lang.Object, java.lang.Object, java.lang.Object)'> (0x00000000899e7cb8) 
thrown [s\src\hotspot\share\interpreter\linkResolver.cpp, line 771]
Event: 1.626 Thread 0x000001ec9e3ba560 Implicit null exception at 0x000001eca93b1013 to 0x000001eca93b146c
Event: 1.626 Thread 0x000001ec9e3ba560 Implicit null exception at 0x000001eca939a191 to 0x000001eca939a5c8
Event: 1.644 Thread 0x000001ec9e3ba560 Exception <a 'java/lang/NoSuchMethodError'{0x00000000897a0548}: 'java.lang.Object java.lang.invoke.DirectMethodHandle$Holder.invokeStaticInit(java.lang.Object)'> (0x00000000897a0548) 
thrown [s\src\hotspot\share\interpreter\linkResolver.cpp, line 771]
Event: 1.721 Thread 0x000001ec9e3ba560 Exception <a 'java/lang/NoSuchMethodError'{0x0000000089390218}: 'java.lang.Object java.lang.invoke.DirectMethodHandle$Holder.invokeStaticInit(java.lang.Object, int, int, int, int)'> (0x0000000089390218) 
thrown [s\src\hotspot\share\interpreter\linkResolver.cpp, line 771]
Event: 1.835 Thread 0x000001ec9e3ba560 Exception <a 'java/lang/NoSuchMethodError'{0x0000000089276190}: 'java.lang.Object java.lang.invoke.DirectMethodHandle$Holder.invokeStaticInit(java.lang.Object, java.lang.Object, int, int, int, int)'> (0x0000000089276190) 
thrown [s\src\hotspot\share\interpreter\linkResolver.cpp, line 771]
Event: 1.867 Thread 0x000001ec9e3ba560 Exception <a 'java/lang/NoSuchMethodError'{0x00000000892a1e08}: 'void java.lang.invoke.DirectMethodHandle$Holder.invokeStatic(java.lang.Object, java.lang.Object, java.lang.Object)'> (0x00000000892a1e08) 
thrown [s\src\hotspot\share\interpreter\linkResolver.cpp, line 771]
Event: 1.878 Thread 0x000001ec9e3ba560 Implicit null exception at 0x000001eca9393772 to 0x000001eca9393d8c
Event: 1.878 Thread 0x000001ec9e3ba560 Implicit null exception at 0x000001eca939b372 to 0x000001eca939b98c
Event: 10.568 Thread 0x000001ec9e3ba560 Exception <a 'sun/net/ConnectionResetException'{0x0000000088f70dc0}: Connection reset> (0x0000000088f70dc0) 
thrown [s\src\hotspot\share\prims\jni.cpp, line 536]

VM Operations (18 events):
Event: 0.244 Executing VM operation: HandshakeAllThreads
Event: 0.244 Executing VM operation: HandshakeAllThreads done
Event: 1.244 Executing VM operation: Cleanup
Event: 1.244 Executing VM operation: Cleanup done
Event: 1.253 Executing VM operation: HandshakeAllThreads
Event: 1.253 Executing VM operation: HandshakeAllThreads done
Event: 1.513 Executing VM operation: G1CollectForAllocation
Event: 1.523 Executing VM operation: G1CollectForAllocation done
Event: 1.535 Executing VM operation: HandshakeAllThreads
Event: 1.535 Executing VM operation: HandshakeAllThreads done
Event: 1.738 Executing VM operation: HandshakeAllThreads
Event: 1.738 Executing VM operation: HandshakeAllThreads done
Event: 1.764 Executing VM operation: HandshakeAllThreads
Event: 1.764 Executing VM operation: HandshakeAllThreads done
Event: 2.775 Executing VM operation: Cleanup
Event: 2.775 Executing VM operation: Cleanup done
Event: 6.809 Executing VM operation: Cleanup
Event: 6.809 Executing VM operation: Cleanup done

Events (20 events):
Event: 4.270 loading class jdk/internal/reflect/ByteVectorImpl
Event: 4.270 loading class jdk/internal/reflect/ByteVector
Event: 4.270 loading class jdk/internal/reflect/ByteVector done
Event: 4.270 loading class jdk/internal/reflect/ByteVectorImpl done
Event: 4.270 loading class jdk/internal/reflect/ClassFileAssembler
Event: 4.270 loading class jdk/internal/reflect/ClassFileAssembler done
Event: 4.270 loading class jdk/internal/reflect/UTF8
Event: 4.270 loading class jdk/internal/reflect/UTF8 done
Event: 4.271 loading class jdk/internal/reflect/Label
Event: 4.271 loading class jdk/internal/reflect/Label done
Event: 4.271 loading class jdk/internal/reflect/Label$PatchInfo
Event: 4.271 loading class jdk/internal/reflect/Label$PatchInfo done
Event: 4.271 loading class jdk/internal/reflect/MethodAccessorGenerator$1
Event: 4.272 loading class jdk/internal/reflect/MethodAccessorGenerator$1 done
Event: 4.272 loading class jdk/internal/reflect/ClassDefiner
Event: 4.272 loading class jdk/internal/reflect/ClassDefiner done
Event: 4.272 loading class jdk/internal/reflect/ClassDefiner$1
Event: 4.272 loading class jdk/internal/reflect/ClassDefiner$1 done
Event: 10.567 loading class sun/net/ConnectionResetException
Event: 10.568 loading class sun/net/ConnectionResetException done


Dynamic libraries:
0x00007ff73ad30000 - 0x00007ff73ad3a000 	C:\Program Files\Android\Android Studio\jbr\bin\java.exe
0x00007ffe8af30000 - 0x00007ffe8b128000 	C:\WINDOWS\SYSTEM32\ntdll.dll
0x00007ffe8ab70000 - 0x00007ffe8ac2f000 	C:\WINDOWS\System32\KERNEL32.DLL
0x00007ffe887a0000 - 0x00007ffe88a96000 	C:\WINDOWS\System32\KERNELBASE.dll
0x00007ffe88d70000 - 0x00007ffe88e70000 	C:\WINDOWS\System32\ucrtbase.dll
0x00007ffe834f0000 - 0x00007ffe8350b000 	C:\Program Files\Android\Android Studio\jbr\bin\VCRUNTIME140.dll
0x00007ffe669e0000 - 0x00007ffe669f7000 	C:\Program Files\Android\Android Studio\jbr\bin\jli.dll
0x00007ffe89a90000 - 0x00007ffe89c2d000 	C:\WINDOWS\System32\USER32.dll
0x00007ffe88ca0000 - 0x00007ffe88cc2000 	C:\WINDOWS\System32\win32u.dll
0x00007ffe73ee0000 - 0x00007ffe7417a000 	C:\WINDOWS\WinSxS\amd64_microsoft.windows.common-controls_6595b64144ccf1df_6.0.19041.1110_none_60b5254171f9507e\COMCTL32.dll
0x00007ffe89900000 - 0x00007ffe8992c000 	C:\WINDOWS\System32\GDI32.dll
0x00007ffe89df0000 - 0x00007ffe89e8e000 	C:\WINDOWS\System32\msvcrt.dll
0x00007ffe88e70000 - 0x00007ffe88f85000 	C:\WINDOWS\System32\gdi32full.dll
0x00007ffe88cd0000 - 0x00007ffe88d6d000 	C:\WINDOWS\System32\msvcp_win.dll
0x00007ffe89a60000 - 0x00007ffe89a90000 	C:\WINDOWS\System32\IMM32.DLL
0x00007ffe72790000 - 0x00007ffe7279c000 	C:\Program Files\Android\Android Studio\jbr\bin\vcruntime140_1.dll
0x00007ffe253b0000 - 0x00007ffe2543d000 	C:\Program Files\Android\Android Studio\jbr\bin\msvcp140.dll
0x00007ffde8d00000 - 0x00007ffde996d000 	C:\Program Files\Android\Android Studio\jbr\bin\server\jvm.dll
0x00007ffe89c30000 - 0x00007ffe89cdf000 	C:\WINDOWS\System32\ADVAPI32.dll
0x00007ffe8adf0000 - 0x00007ffe8ae8c000 	C:\WINDOWS\System32\sechost.dll
0x00007ffe88f90000 - 0x00007ffe890b6000 	C:\WINDOWS\System32\RPCRT4.dll
0x00007ffe835b0000 - 0x00007ffe835b9000 	C:\WINDOWS\SYSTEM32\WSOCK32.dll
0x00007ffe89fb0000 - 0x00007ffe8a01b000 	C:\WINDOWS\System32\WS2_32.dll
0x00007ffe76e70000 - 0x00007ffe76e97000 	C:\WINDOWS\SYSTEM32\WINMM.dll
0x00007ffe82930000 - 0x00007ffe8293a000 	C:\WINDOWS\SYSTEM32\VERSION.dll
0x00007ffe864f0000 - 0x00007ffe86502000 	C:\WINDOWS\SYSTEM32\kernel.appcore.dll
0x00007ffe83560000 - 0x00007ffe8356a000 	C:\Program Files\Android\Android Studio\jbr\bin\jimage.dll
0x00007ffe76ea0000 - 0x00007ffe77084000 	C:\WINDOWS\SYSTEM32\DBGHELP.DLL
0x00007ffe76330000 - 0x00007ffe76364000 	C:\WINDOWS\SYSTEM32\dbgcore.DLL
0x00007ffe88710000 - 0x00007ffe88792000 	C:\WINDOWS\System32\bcryptPrimitives.dll
0x00007ffe677e0000 - 0x00007ffe67805000 	C:\Program Files\Android\Android Studio\jbr\bin\java.dll
0x00007ffe77620000 - 0x00007ffe77638000 	C:\Program Files\Android\Android Studio\jbr\bin\zip.dll
0x00007ffe890c0000 - 0x00007ffe89804000 	C:\WINDOWS\System32\SHELL32.dll
0x00007ffe866f0000 - 0x00007ffe86e83000 	C:\WINDOWS\SYSTEM32\windows.storage.dll
0x00007ffe8a110000 - 0x00007ffe8a464000 	C:\WINDOWS\System32\combase.dll
0x00007ffe87f90000 - 0x00007ffe87fbe000 	C:\WINDOWS\SYSTEM32\Wldp.dll
0x00007ffe89ce0000 - 0x00007ffe89d8d000 	C:\WINDOWS\System32\SHCORE.dll
0x00007ffe8a8f0000 - 0x00007ffe8a945000 	C:\WINDOWS\System32\shlwapi.dll
0x00007ffe88550000 - 0x00007ffe8856f000 	C:\WINDOWS\SYSTEM32\profapi.dll
0x00007ffe71fb0000 - 0x00007ffe71fc9000 	C:\Program Files\Android\Android Studio\jbr\bin\net.dll
0x00007ffe7f6f0000 - 0x00007ffe7f7fa000 	C:\WINDOWS\SYSTEM32\WINHTTP.dll
0x00007ffe87cf0000 - 0x00007ffe87d5a000 	C:\WINDOWS\system32\mswsock.dll
0x00007ffe71a30000 - 0x00007ffe71a46000 	C:\Program Files\Android\Android Studio\jbr\bin\nio.dll
0x00007ffe830c0000 - 0x00007ffe830d0000 	C:\Program Files\Android\Android Studio\jbr\bin\verify.dll
0x00007ffe669b0000 - 0x00007ffe669d7000 	C:\Users\bdCalling\.gradle\native\e1d6ef7f7dcc3fd88c89a11ec53ec762bb8ba0a96d01ffa2cd45eb1d1d8dd5c5\windows-amd64\native-platform.dll
0x00007ffe83380000 - 0x00007ffe83389000 	C:\Program Files\Android\Android Studio\jbr\bin\management.dll
0x00007ffe832c0000 - 0x00007ffe832cb000 	C:\Program Files\Android\Android Studio\jbr\bin\management_ext.dll
0x00007ffe8a470000 - 0x00007ffe8a478000 	C:\WINDOWS\System32\PSAPI.DLL
0x00007ffe87ef0000 - 0x00007ffe87f08000 	C:\WINDOWS\SYSTEM32\CRYPTSP.dll
0x00007ffe87610000 - 0x00007ffe87644000 	C:\WINDOWS\system32\rsaenh.dll
0x00007ffe88aa0000 - 0x00007ffe88ac7000 	C:\WINDOWS\System32\bcrypt.dll
0x00007ffe88510000 - 0x00007ffe8853e000 	C:\WINDOWS\SYSTEM32\USERENV.dll
0x00007ffe87ee0000 - 0x00007ffe87eec000 	C:\WINDOWS\SYSTEM32\CRYPTBASE.dll
0x00007ffe879e0000 - 0x00007ffe87a1c000 	C:\WINDOWS\SYSTEM32\IPHLPAPI.DLL
0x00007ffe8ade0000 - 0x00007ffe8ade8000 	C:\WINDOWS\System32\NSI.dll
0x00007ffe80db0000 - 0x00007ffe80dc7000 	C:\WINDOWS\SYSTEM32\dhcpcsvc6.DLL
0x00007ffe80d60000 - 0x00007ffe80d7d000 	C:\WINDOWS\SYSTEM32\dhcpcsvc.DLL
0x00007ffe87a20000 - 0x00007ffe87aeb000 	C:\WINDOWS\SYSTEM32\DNSAPI.dll
0x00007ffe7ef70000 - 0x00007ffe7ef77000 	C:\WINDOWS\system32\wshunix.dll

dbghelp: loaded successfully - version: 4.0.5 - missing functions: none
symbol engine: initialized successfully - sym options: 0x614 - pdb path: .;C:\Program Files\Android\Android Studio\jbr\bin;C:\WINDOWS\SYSTEM32;C:\WINDOWS\WinSxS\amd64_microsoft.windows.common-controls_6595b64144ccf1df_6.0.19041.1110_none_60b5254171f9507e;C:\Program Files\Android\Android Studio\jbr\bin\server;C:\Users\bdCalling\.gradle\native\e1d6ef7f7dcc3fd88c89a11ec53ec762bb8ba0a96d01ffa2cd45eb1d1d8dd5c5\windows-amd64

VM Arguments:
jvm_args: -Dorg.gradle.appname=gradlew 
java_command: org.gradle.wrapper.GradleWrapperMain -q -Ptarget-platform=android-x86 -Ptarget=C:\Users\bdCalling\Downloads\M-Box-Login-UI-main\M-Box-Login-UI-main\lib\main.dart -Pbase-application-name=android.app.Application -Pdart-defines=Zmx1dHRlci5pbnNwZWN0b3Iuc3RydWN0dXJlZEVycm9ycz10cnVl,RkxVVFRFUl9XRUJfQVVUT19ERVRFQ1Q9dHJ1ZQ==,RkxVVFRFUl9XRUJfQ0FOVkFTS0lUX1VSTD1odHRwczovL3d3dy5nc3RhdGljLmNvbS9mbHV0dGVyLWNhbnZhc2tpdC9iNGZiMTEyMTRkZDJkZGE2Y2UwMTJkZDk4ZWE0OThlOWU4YjkxMjYyLw== -Pdart-obfuscation=false -Ptrack-widget-creation=true -Ptree-shake-icons=false -Pfilesystem-scheme=org-dartlang-root assembleDebug
java_class_path (initial): C:\Users\bdCalling\Downloads\M-Box-Login-UI-main\M-Box-Login-UI-main\android\\gradle\wrapper\gradle-wrapper.jar
Launcher Type: SUN_STANDARD

[Global flags]
     intx CICompilerCount                          = 3                                         {product} {ergonomic}
     uint ConcGCThreads                            = 2                                         {product} {ergonomic}
     uint G1ConcRefinementThreads                  = 6                                         {product} {ergonomic}
   size_t G1HeapRegionSize                         = 1048576                                   {product} {ergonomic}
    uintx GCDrainStackTargetSize                   = 64                                        {product} {ergonomic}
   size_t InitialHeapSize                          = 134217728                                 {product} {ergonomic}
   size_t MarkStackSize                            = 4194304                                   {product} {ergonomic}
   size_t MaxHeapSize                              = 2116026368                                {product} {ergonomic}
   size_t MaxNewSize                               = 1268776960                                {product} {ergonomic}
   size_t MinHeapDeltaBytes                        = 1048576                                   {product} {ergonomic}
   size_t MinHeapSize                              = 8388608                                   {product} {ergonomic}
    uintx NonNMethodCodeHeapSize                   = 5832780                                {pd product} {ergonomic}
    uintx NonProfiledCodeHeapSize                  = 122912730                              {pd product} {ergonomic}
    uintx ProfiledCodeHeapSize                     = 122912730                              {pd product} {ergonomic}
    uintx ReservedCodeCacheSize                    = 251658240                              {pd product} {ergonomic}
     bool SegmentedCodeCache                       = true                                      {product} {ergonomic}
   size_t SoftMaxHeapSize                          = 2116026368                             {manageable} {ergonomic}
     bool UseCompressedClassPointers               = true                           {product lp64_product} {ergonomic}
     bool UseCompressedOops                        = true                           {product lp64_product} {ergonomic}
     bool UseG1GC                                  = true                                      {product} {ergonomic}
     bool UseLargePagesIndividualAllocation        = false                                  {pd product} {ergonomic}

Logging:
Log output configuration:
 #0: stdout all=warning uptime,level,tags
 #1: stderr all=off uptime,level,tags

Environment Variables:
JAVA_HOME=C:\Program Files\Android\Android Studio\jbr
CLASSPATH=C:\Users\bdCalling\Downloads\M-Box-Login-UI-main\M-Box-Login-UI-main\android\\gradle\wrapper\gradle-wrapper.jar
PATH=C:\Program Files\Common Files\Oracle\Java\javapath;C:\WINDOWS\system32;C:\WINDOWS;C:\WINDOWS\System32\Wbem;C:\WINDOWS\System32\WindowsPowerShell\v1.0\;C:\WINDOWS\System32\OpenSSH\;C:\Program Files\nodejs\;C:\Program Files\MongoDB\Server\6.0\bin;C:\Program Files\Git\cmd;C:\Program Files\Git\bin;C:\src\flutter\bin;C:\Users\bdCalling\AppData\Local\Microsoft\WindowsApps;C:\Users\bdCalling\AppData\Local\Programs\Microsoft VS Code\bin;C:\Users\bdCalling\AppData\Roaming\npm;C:\Program Files\MongoDB\Server\6.0\bin;;C:\src\flutter\bin\mingit\cmd
USERNAME=bdCalling
OS=Windows_NT
PROCESSOR_IDENTIFIER=Intel64 Family 6 Model 158 Stepping 13, GenuineIntel
TMP=C:\Users\BDCALL~1\AppData\Local\Temp
TEMP=C:\Users\BDCALL~1\AppData\Local\Temp



---------------  S Y S T E M  ---------------

OS:
 Windows 10 , 64 bit Build 19041 (10.0.19041.2913)
OS uptime: 1 days 4:49 hours

CPU: total 6 (initial active 6) (6 cores per cpu, 1 threads per core) family 6 model 158 stepping 13 microcode 0xb8, cx8, cmov, fxsr, mmx, 3dnowpref, sse, sse2, sse3, ssse3, sse4.1, sse4.2, popcnt, lzcnt, tsc, tscinvbit, avx, avx2, aes, erms, clmul, bmi1, bmi2, adx, fma, vzeroupper, clflush, clflushopt

Memory: 4k page, system-wide physical 8064M (306M free)
TotalPageFile size 25013M (AvailPageFile size 355M)
current process WorkingSet (physical memory assigned to process): 61M, peak: 91M
current process commit charge ("private bytes"): 223M, peak: 224M

vm_info: OpenJDK 64-Bit Server VM (17.0.6+0-b2043.56-9586694) for windows-amd64 JRE (17.0.6+0-b2043.56-9586694), built on Feb  9 2023 20:06:20 by "androidbuild" with MS VC++ 16.10 / 16.11 (VS2019)

END.
